<?xml version="1.0" encoding="UTF-8"?>
<testng-results ignored="0" total="1" passed="1" failed="0" skipped="0">
  <reporter-output>
  </reporter-output>
  <suite started-at="2024-09-24T12:05:55 IST" name="Mastersuite" finished-at="2024-09-24T12:06:12 IST" duration-ms="16943">
    <groups>
      <group name="Master">
        <method signature="TC_001Regsistrationpage.TC1()[pri:0, instance:testbase.TC_001Regsistrationpage@512baff6]" name="TC1" class="testbase.TC_001Regsistrationpage"/>
      </group> <!-- Master -->
      <group name="regression">
        <method signature="TC_001Regsistrationpage.TC1()[pri:0, instance:testbase.TC_001Regsistrationpage@512baff6]" name="TC1" class="testbase.TC_001Regsistrationpage"/>
      </group> <!-- regression -->
    </groups>
    <test started-at="2024-09-24T12:05:55 IST" name="Chrometest " finished-at="2024-09-24T12:06:12 IST" duration-ms="16943">
      <class name="testbase.TC_001Regsistrationpage">
        <test-method is-config="true" signature="setup(java.lang.String,java.lang.String)[pri:0, instance:testbase.TC_001Regsistrationpage@512baff6]" started-at="2024-09-24T12:05:55 IST" name="setup" finished-at="2024-09-24T12:06:00 IST" duration-ms="4759" status="PASS">
          <params>
            <param index="0">
              <value>
                <![CDATA[window]]>
              </value>
            </param>
            <param index="1">
              <value>
                <![CDATA[Chrome]]>
              </value>
            </param>
          </params>
          <reporter-output>
          </reporter-output>
        </test-method> <!-- setup -->
        <test-method signature="TC1()[pri:0, instance:testbase.TC_001Regsistrationpage@512baff6]" started-at="2024-09-24T12:06:00 IST" name="TC1" finished-at="2024-09-24T12:06:12 IST" duration-ms="11828" status="PASS">
          <reporter-output>
          </reporter-output>
        </test-method> <!-- TC1 -->
      </class> <!-- testbase.TC_001Regsistrationpage -->
    </test> <!-- Chrometest  -->
  </suite> <!-- Mastersuite -->
</testng-results>
